<?xml version="1.0" encoding="UTF-8"?>
<!-- Generated by org.testng.reporters.JUnitReportReporter -->
<testsuite hostname="DESKTOP-EAPH7K5" failures="0" tests="3" name="testcases.LoginTest" time="36.083" errors="0" timestamp="06 Aug 2024 06:21:43 GMT" skipped="0">
  <testcase classname="testcases.LoginTest" name="TC03_LockedUserTest" time="15.589"/>
  <testcase classname="testcases.LoginTest" name="TC02_LoginFailureTest" time="9.457"/>
  <testcase classname="testcases.LoginTest" name="TC01_LoginSuccessTest" time="11.037"/>
</testsuite> <!-- testcases.LoginTest -->
