<?xml version="1.0" encoding="UTF-8"?>
<!-- Generated by org.testng.reporters.JUnitReportReporter -->
<testsuite hostname="DESKTOP-EAPH7K5" failures="0" tests="2" name="testcases.CheckoutPageTest" time="50.290" errors="0" timestamp="06 Aug 2024 06:21:43 GMT" skipped="0">
  <testcase classname="testcases.CheckoutPageTest" name="TC01_clickonCkeckout" time="16.313"/>
  <testcase classname="testcases.CheckoutPageTest" name="TC03_verifyCheckOutHeaderText" time="33.977"/>
</testsuite> <!-- testcases.CheckoutPageTest -->
