<?xml version="1.0" encoding="UTF-8"?>
<!-- Generated by org.testng.reporters.JUnitReportReporter -->
<testsuite hostname="DESKTOP-EAPH7K5" failures="0" tests="1" name="testcases.HomePageTest" time="14.889" errors="0" timestamp="24 Jul 2024 08:36:16 GMT" skipped="0">
  <testcase classname="testcases.HomePageTest" name="TC01_productList" time="14.889"/>
</testsuite> <!-- testcases.HomePageTest -->
