<?xml version="1.0" encoding="UTF-8"?>
<!-- Generated by org.testng.reporters.JUnitReportReporter -->
<testsuite hostname="ip-172-31-25-243" failures="0" tests="1" name="testcases.LoginTest" time="2.321" errors="0" timestamp="22 Jul 2024 07:46:59 GMT" skipped="0">
  <testcase classname="testcases.LoginTest" name="TC03_LockedUserTest" time="2.321"/>
</testsuite> <!-- testcases.LoginTest -->
