<?xml version="1.0" encoding="UTF-8"?>
<!-- Generated by org.testng.reporters.JUnitReportReporter -->
<testsuite hostname="DESKTOP-EAPH7K5" failures="0" tests="1" name="testcases.EndToEndTest" time="18.493" errors="0" timestamp="06 Aug 2024 06:21:43 GMT" skipped="0">
  <testcase classname="testcases.EndToEndTest" name="TC01_EndToEndScenario" time="18.493"/>
</testsuite> <!-- testcases.EndToEndTest -->
