<?xml version="1.0" encoding="UTF-8"?>
<!-- Generated by org.testng.reporters.JUnitReportReporter -->
<testsuite hostname="DESKTOP-EAPH7K5" failures="0" tests="1" name="testcases.HeaderText" time="15.701" errors="0" timestamp="05 Aug 2024 06:14:28 GMT" skipped="0">
  <testcase classname="testcases.HeaderText" name="TC03_verifycartHeadertext" time="15.701"/>
</testsuite> <!-- testcases.HeaderText -->
