<?xml version="1.0" encoding="UTF-8"?>
<!-- Generated by org.testng.reporters.JUnitReportReporter -->
<testsuite hostname="DESKTOP-EAPH7K5" failures="0" tests="2" name="testcases.HomePageTest" time="24.657" errors="0" timestamp="06 Aug 2024 06:21:43 GMT" skipped="0">
  <testcase classname="testcases.HomePageTest" name="TC02_verifyitemaddedtoShopingCart" time="11.796"/>
  <testcase classname="testcases.HomePageTest" name="TC01_productList" time="12.861"/>
</testsuite> <!-- testcases.HomePageTest -->
